<?xml version="1.0" encoding="UTF-8"?>
<testsuite name="com.mysite.sbb.SbbApplicationTests" tests="1" skipped="0" failures="0" errors="0" timestamp="2026-03-18T10:03:45.823Z" hostname="apples-MacBook-Pro.local" time="2.83">
  <properties/>
  <testcase name="testJpa()" classname="com.mysite.sbb.SbbApplicationTests" time="0.6"/>
  <system-out><![CDATA[19:03:45.899 [Test worker] INFO org.springframework.test.context.support.AnnotationConfigContextLoaderUtils -- Could not detect default configuration classes for test class [com.mysite.sbb.SbbApplicationTests]: SbbApplicationTests does not declare any static, non-private, non-final, nested classes annotated with @Configuration.
19:03:45.963 [Test worker] INFO org.springframework.boot.test.context.SpringBootTestContextBootstrapper -- Found @SpringBootConfiguration com.mysite.sbb.SbbApplication for test class com.mysite.sbb.SbbApplicationTests

  .   ____          _            __ _ _
 /\\ / ___'_ __ _ _(_)_ __  __ _ \ \ \ \
( ( )\___ | '_ | '_| | '_ \/ _` | \ \ \ \
 \\/  ___)| |_)| | | | | || (_| |  ) ) ) )
  '  |____| .__|_| |_|_| |_\__, | / / / /
 =========|_|==============|___/=/_/_/_/

 :: Spring Boot ::                (v4.0.3)

2026-03-18T19:03:46.157+09:00  INFO 81507 --- [    Test worker] com.mysite.sbb.SbbApplicationTests       : Starting SbbApplicationTests using Java 25.0.2 with PID 81507 (started by apple in /Users/apple/Desktop/DevCourse/p-21-ms-260306)
2026-03-18T19:03:46.158+09:00  INFO 81507 --- [    Test worker] com.mysite.sbb.SbbApplicationTests       : No active profile set, falling back to 1 default profile: "default"
2026-03-18T19:03:46.542+09:00  INFO 81507 --- [    Test worker] .s.d.r.c.RepositoryConfigurationDelegate : Bootstrapping Spring Data JPA repositories in DEFAULT mode.
2026-03-18T19:03:46.575+09:00  INFO 81507 --- [    Test worker] .s.d.r.c.RepositoryConfigurationDelegate : Finished Spring Data repository scanning in 26 ms. Found 2 JPA repository interfaces.
2026-03-18T19:03:46.760+09:00  INFO 81507 --- [    Test worker] org.hibernate.orm.jpa                    : HHH008540: Processing PersistenceUnitInfo [name: default]
2026-03-18T19:03:46.787+09:00  INFO 81507 --- [    Test worker] org.hibernate.orm.core                   : HHH000001: Hibernate ORM core version 7.2.4.Final
2026-03-18T19:03:46.993+09:00  INFO 81507 --- [    Test worker] o.s.o.j.p.SpringPersistenceUnitInfo      : No LoadTimeWeaver setup: ignoring JPA class transformer
2026-03-18T19:03:47.009+09:00  INFO 81507 --- [    Test worker] com.zaxxer.hikari.HikariDataSource       : HikariPool-1 - Starting...
2026-03-18T19:03:47.116+09:00  INFO 81507 --- [    Test worker] com.zaxxer.hikari.pool.HikariPool        : HikariPool-1 - Added connection conn0: url=jdbc:h2:~/local user=SA
2026-03-18T19:03:47.116+09:00  INFO 81507 --- [    Test worker] com.zaxxer.hikari.HikariDataSource       : HikariPool-1 - Start completed.
2026-03-18T19:03:47.130+09:00  WARN 81507 --- [    Test worker] org.hibernate.orm.deprecation            : HHH90000025: H2Dialect does not need to be specified explicitly using 'hibernate.dialect' (remove the property setting and it will be selected by default)
2026-03-18T19:03:47.142+09:00  INFO 81507 --- [    Test worker] org.hibernate.orm.connections.pooling    : HHH10001005: Database info:
	Database JDBC URL [jdbc:h2:~/local]
	Database driver: H2 JDBC Driver
	Database dialect: H2Dialect
	Database version: 2.4.240
	Default catalog/schema: LOCAL/PUBLIC
	Autocommit mode: undefined/unknown
	Isolation level: READ_COMMITTED [default READ_COMMITTED]
	JDBC fetch size: 100
	Pool: DataSourceConnectionProvider
	Minimum pool size: undefined/unknown
	Maximum pool size: undefined/unknown
2026-03-18T19:03:47.588+09:00  INFO 81507 --- [    Test worker] org.hibernate.orm.core                   : HHH000489: No JTA platform available (set 'hibernate.transaction.jta.platform' to enable JTA platform integration)
2026-03-18T19:03:47.613+09:00  INFO 81507 --- [    Test worker] j.LocalContainerEntityManagerFactoryBean : Initialized JPA EntityManagerFactory for persistence unit 'default'
2026-03-18T19:03:47.656+09:00  INFO 81507 --- [    Test worker] o.s.d.j.r.query.QueryEnhancerFactories   : Hibernate is in classpath; If applicable, HQL parser will be used.
2026-03-18T19:03:47.772+09:00  WARN 81507 --- [    Test worker] JpaBaseConfiguration$JpaWebConfiguration : spring.jpa.open-in-view is enabled by default. Therefore, database queries may be performed during view rendering. Explicitly configure spring.jpa.open-in-view to disable this warning
2026-03-18T19:03:47.999+09:00  INFO 81507 --- [    Test worker] o.s.b.h.a.H2ConsoleAutoConfiguration     : H2 console available at '/h2-console'. Database available at 'jdbc:h2:~/local'
2026-03-18T19:03:48.047+09:00  INFO 81507 --- [    Test worker] com.mysite.sbb.SbbApplicationTests       : Started SbbApplicationTests in 2.015 seconds (process running for 2.652)
Hibernate: 
    insert 
    into
        question
        (content, create_date, subject, id) 
    values
        (?, ?, ?, default)
Hibernate: 
    insert 
    into
        question
        (content, create_date, subject, id) 
    values
        (?, ?, ?, default)
Hibernate: 
    insert 
    into
        question
        (content, create_date, subject, id) 
    values
        (?, ?, ?, default)
Hibernate: 
    insert 
    into
        question
        (content, create_date, subject, id) 
    values
        (?, ?, ?, default)
Hibernate: 
    insert 
    into
        question
        (content, create_date, subject, id) 
    values
        (?, ?, ?, default)
Hibernate: 
    insert 
    into
        question
        (content, create_date, subject, id) 
    values
        (?, ?, ?, default)
Hibernate: 
    insert 
    into
        question
        (content, create_date, subject, id) 
    values
        (?, ?, ?, default)
Hibernate: 
    insert 
    into
        question
        (content, create_date, subject, id) 
    values
        (?, ?, ?, default)
Hibernate: 
    insert 
    into
        question
        (content, create_date, subject, id) 
    values
        (?, ?, ?, default)
Hibernate: 
    insert 
    into
        question
        (content, create_date, subject, id) 
    values
        (?, ?, ?, default)
Hibernate: 
    insert 
    into
        question
        (content, create_date, subject, id) 
    values
        (?, ?, ?, default)
Hibernate: 
    insert 
    into
        question
        (content, create_date, subject, id) 
    values
        (?, ?, ?, default)
Hibernate: 
    insert 
    into
        question
        (content, create_date, subject, id) 
    values
        (?, ?, ?, default)
Hibernate: 
    insert 
    into
        question
        (content, create_date, subject, id) 
    values
        (?, ?, ?, default)
Hibernate: 
    insert 
    into
        question
        (content, create_date, subject, id) 
    values
        (?, ?, ?, default)
Hibernate: 
    insert 
    into
        question
        (content, create_date, subject, id) 
    values
        (?, ?, ?, default)
Hibernate: 
    insert 
    into
        question
        (content, create_date, subject, id) 
    values
        (?, ?, ?, default)
Hibernate: 
    insert 
    into
        question
        (content, create_date, subject, id) 
    values
        (?, ?, ?, default)
Hibernate: 
    insert 
    into
        question
        (content, create_date, subject, id) 
    values
        (?, ?, ?, default)
Hibernate: 
    insert 
    into
        question
        (content, create_date, subject, id) 
    values
        (?, ?, ?, default)
Hibernate: 
    insert 
    into
        question
        (content, create_date, subject, id) 
    values
        (?, ?, ?, default)
Hibernate: 
    insert 
    into
        question
        (content, create_date, subject, id) 
    values
        (?, ?, ?, default)
Hibernate: 
    insert 
    into
        question
        (content, create_date, subject, id) 
    values
        (?, ?, ?, default)
Hibernate: 
    insert 
    into
        question
        (content, create_date, subject, id) 
    values
        (?, ?, ?, default)
Hibernate: 
    insert 
    into
        question
        (content, create_date, subject, id) 
    values
        (?, ?, ?, default)
Hibernate: 
    insert 
    into
        question
        (content, create_date, subject, id) 
    values
        (?, ?, ?, default)
Hibernate: 
    insert 
    into
        question
        (content, create_date, subject, id) 
    values
        (?, ?, ?, default)
Hibernate: 
    insert 
    into
        question
        (content, create_date, subject, id) 
    values
        (?, ?, ?, default)
Hibernate: 
    insert 
    into
        question
        (content, create_date, subject, id) 
    values
        (?, ?, ?, default)
Hibernate: 
    insert 
    into
        question
        (content, create_date, subject, id) 
    values
        (?, ?, ?, default)
Hibernate: 
    insert 
    into
        question
        (content, create_date, subject, id) 
    values
        (?, ?, ?, default)
Hibernate: 
    insert 
    into
        question
        (content, create_date, subject, id) 
    values
        (?, ?, ?, default)
Hibernate: 
    insert 
    into
        question
        (content, create_date, subject, id) 
    values
        (?, ?, ?, default)
Hibernate: 
    insert 
    into
        question
        (content, create_date, subject, id) 
    values
        (?, ?, ?, default)
Hibernate: 
    insert 
    into
        question
        (content, create_date, subject, id) 
    values
        (?, ?, ?, default)
Hibernate: 
    insert 
    into
        question
        (content, create_date, subject, id) 
    values
        (?, ?, ?, default)
Hibernate: 
    insert 
    into
        question
        (content, create_date, subject, id) 
    values
        (?, ?, ?, default)
Hibernate: 
    insert 
    into
        question
        (content, create_date, subject, id) 
    values
        (?, ?, ?, default)
Hibernate: 
    insert 
    into
        question
        (content, create_date, subject, id) 
    values
        (?, ?, ?, default)
Hibernate: 
    insert 
    into
        question
        (content, create_date, subject, id) 
    values
        (?, ?, ?, default)
Hibernate: 
    insert 
    into
        question
        (content, create_date, subject, id) 
    values
        (?, ?, ?, default)
Hibernate: 
    insert 
    into
        question
        (content, create_date, subject, id) 
    values
        (?, ?, ?, default)
Hibernate: 
    insert 
    into
        question
        (content, create_date, subject, id) 
    values
        (?, ?, ?, default)
Hibernate: 
    insert 
    into
        question
        (content, create_date, subject, id) 
    values
        (?, ?, ?, default)
Hibernate: 
    insert 
    into
        question
        (content, create_date, subject, id) 
    values
        (?, ?, ?, default)
Hibernate: 
    insert 
    into
        question
        (content, create_date, subject, id) 
    values
        (?, ?, ?, default)
Hibernate: 
    insert 
    into
        question
        (content, create_date, subject, id) 
    values
        (?, ?, ?, default)
Hibernate: 
    insert 
    into
        question
        (content, create_date, subject, id) 
    values
        (?, ?, ?, default)
Hibernate: 
    insert 
    into
        question
        (content, create_date, subject, id) 
    values
        (?, ?, ?, default)
Hibernate: 
    insert 
    into
        question
        (content, create_date, subject, id) 
    values
        (?, ?, ?, default)
Hibernate: 
    insert 
    into
        question
        (content, create_date, subject, id) 
    values
        (?, ?, ?, default)
Hibernate: 
    insert 
    into
        question
        (content, create_date, subject, id) 
    values
        (?, ?, ?, default)
Hibernate: 
    insert 
    into
        question
        (content, create_date, subject, id) 
    values
        (?, ?, ?, default)
Hibernate: 
    insert 
    into
        question
        (content, create_date, subject, id) 
    values
        (?, ?, ?, default)
Hibernate: 
    insert 
    into
        question
        (content, create_date, subject, id) 
    values
        (?, ?, ?, default)
Hibernate: 
    insert 
    into
        question
        (content, create_date, subject, id) 
    values
        (?, ?, ?, default)
Hibernate: 
    insert 
    into
        question
        (content, create_date, subject, id) 
    values
        (?, ?, ?, default)
Hibernate: 
    insert 
    into
        question
        (content, create_date, subject, id) 
    values
        (?, ?, ?, default)
Hibernate: 
    insert 
    into
        question
        (content, create_date, subject, id) 
    values
        (?, ?, ?, default)
Hibernate: 
    insert 
    into
        question
        (content, create_date, subject, id) 
    values
        (?, ?, ?, default)
Hibernate: 
    insert 
    into
        question
        (content, create_date, subject, id) 
    values
        (?, ?, ?, default)
Hibernate: 
    insert 
    into
        question
        (content, create_date, subject, id) 
    values
        (?, ?, ?, default)
Hibernate: 
    insert 
    into
        question
        (content, create_date, subject, id) 
    values
        (?, ?, ?, default)
Hibernate: 
    insert 
    into
        question
        (content, create_date, subject, id) 
    values
        (?, ?, ?, default)
Hibernate: 
    insert 
    into
        question
        (content, create_date, subject, id) 
    values
        (?, ?, ?, default)
Hibernate: 
    insert 
    into
        question
        (content, create_date, subject, id) 
    values
        (?, ?, ?, default)
Hibernate: 
    insert 
    into
        question
        (content, create_date, subject, id) 
    values
        (?, ?, ?, default)
Hibernate: 
    insert 
    into
        question
        (content, create_date, subject, id) 
    values
        (?, ?, ?, default)
Hibernate: 
    insert 
    into
        question
        (content, create_date, subject, id) 
    values
        (?, ?, ?, default)
Hibernate: 
    insert 
    into
        question
        (content, create_date, subject, id) 
    values
        (?, ?, ?, default)
Hibernate: 
    insert 
    into
        question
        (content, create_date, subject, id) 
    values
        (?, ?, ?, default)
Hibernate: 
    insert 
    into
        question
        (content, create_date, subject, id) 
    values
        (?, ?, ?, default)
Hibernate: 
    insert 
    into
        question
        (content, create_date, subject, id) 
    values
        (?, ?, ?, default)
Hibernate: 
    insert 
    into
        question
        (content, create_date, subject, id) 
    values
        (?, ?, ?, default)
Hibernate: 
    insert 
    into
        question
        (content, create_date, subject, id) 
    values
        (?, ?, ?, default)
Hibernate: 
    insert 
    into
        question
        (content, create_date, subject, id) 
    values
        (?, ?, ?, default)
Hibernate: 
    insert 
    into
        question
        (content, create_date, subject, id) 
    values
        (?, ?, ?, default)
Hibernate: 
    insert 
    into
        question
        (content, create_date, subject, id) 
    values
        (?, ?, ?, default)
Hibernate: 
    insert 
    into
        question
        (content, create_date, subject, id) 
    values
        (?, ?, ?, default)
Hibernate: 
    insert 
    into
        question
        (content, create_date, subject, id) 
    values
        (?, ?, ?, default)
Hibernate: 
    insert 
    into
        question
        (content, create_date, subject, id) 
    values
        (?, ?, ?, default)
Hibernate: 
    insert 
    into
        question
        (content, create_date, subject, id) 
    values
        (?, ?, ?, default)
Hibernate: 
    insert 
    into
        question
        (content, create_date, subject, id) 
    values
        (?, ?, ?, default)
Hibernate: 
    insert 
    into
        question
        (content, create_date, subject, id) 
    values
        (?, ?, ?, default)
Hibernate: 
    insert 
    into
        question
        (content, create_date, subject, id) 
    values
        (?, ?, ?, default)
Hibernate: 
    insert 
    into
        question
        (content, create_date, subject, id) 
    values
        (?, ?, ?, default)
Hibernate: 
    insert 
    into
        question
        (content, create_date, subject, id) 
    values
        (?, ?, ?, default)
Hibernate: 
    insert 
    into
        question
        (content, create_date, subject, id) 
    values
        (?, ?, ?, default)
Hibernate: 
    insert 
    into
        question
        (content, create_date, subject, id) 
    values
        (?, ?, ?, default)
Hibernate: 
    insert 
    into
        question
        (content, create_date, subject, id) 
    values
        (?, ?, ?, default)
Hibernate: 
    insert 
    into
        question
        (content, create_date, subject, id) 
    values
        (?, ?, ?, default)
Hibernate: 
    insert 
    into
        question
        (content, create_date, subject, id) 
    values
        (?, ?, ?, default)
Hibernate: 
    insert 
    into
        question
        (content, create_date, subject, id) 
    values
        (?, ?, ?, default)
Hibernate: 
    insert 
    into
        question
        (content, create_date, subject, id) 
    values
        (?, ?, ?, default)
Hibernate: 
    insert 
    into
        question
        (content, create_date, subject, id) 
    values
        (?, ?, ?, default)
Hibernate: 
    insert 
    into
        question
        (content, create_date, subject, id) 
    values
        (?, ?, ?, default)
Hibernate: 
    insert 
    into
        question
        (content, create_date, subject, id) 
    values
        (?, ?, ?, default)
Hibernate: 
    insert 
    into
        question
        (content, create_date, subject, id) 
    values
        (?, ?, ?, default)
Hibernate: 
    insert 
    into
        question
        (content, create_date, subject, id) 
    values
        (?, ?, ?, default)
Hibernate: 
    insert 
    into
        question
        (content, create_date, subject, id) 
    values
        (?, ?, ?, default)
Hibernate: 
    insert 
    into
        question
        (content, create_date, subject, id) 
    values
        (?, ?, ?, default)
Hibernate: 
    insert 
    into
        question
        (content, create_date, subject, id) 
    values
        (?, ?, ?, default)
Hibernate: 
    insert 
    into
        question
        (content, create_date, subject, id) 
    values
        (?, ?, ?, default)
Hibernate: 
    insert 
    into
        question
        (content, create_date, subject, id) 
    values
        (?, ?, ?, default)
Hibernate: 
    insert 
    into
        question
        (content, create_date, subject, id) 
    values
        (?, ?, ?, default)
Hibernate: 
    insert 
    into
        question
        (content, create_date, subject, id) 
    values
        (?, ?, ?, default)
Hibernate: 
    insert 
    into
        question
        (content, create_date, subject, id) 
    values
        (?, ?, ?, default)
Hibernate: 
    insert 
    into
        question
        (content, create_date, subject, id) 
    values
        (?, ?, ?, default)
Hibernate: 
    insert 
    into
        question
        (content, create_date, subject, id) 
    values
        (?, ?, ?, default)
Hibernate: 
    insert 
    into
        question
        (content, create_date, subject, id) 
    values
        (?, ?, ?, default)
Hibernate: 
    insert 
    into
        question
        (content, create_date, subject, id) 
    values
        (?, ?, ?, default)
Hibernate: 
    insert 
    into
        question
        (content, create_date, subject, id) 
    values
        (?, ?, ?, default)
Hibernate: 
    insert 
    into
        question
        (content, create_date, subject, id) 
    values
        (?, ?, ?, default)
Hibernate: 
    insert 
    into
        question
        (content, create_date, subject, id) 
    values
        (?, ?, ?, default)
Hibernate: 
    insert 
    into
        question
        (content, create_date, subject, id) 
    values
        (?, ?, ?, default)
Hibernate: 
    insert 
    into
        question
        (content, create_date, subject, id) 
    values
        (?, ?, ?, default)
Hibernate: 
    insert 
    into
        question
        (content, create_date, subject, id) 
    values
        (?, ?, ?, default)
Hibernate: 
    insert 
    into
        question
        (content, create_date, subject, id) 
    values
        (?, ?, ?, default)
Hibernate: 
    insert 
    into
        question
        (content, create_date, subject, id) 
    values
        (?, ?, ?, default)
Hibernate: 
    insert 
    into
        question
        (content, create_date, subject, id) 
    values
        (?, ?, ?, default)
Hibernate: 
    insert 
    into
        question
        (content, create_date, subject, id) 
    values
        (?, ?, ?, default)
Hibernate: 
    insert 
    into
        question
        (content, create_date, subject, id) 
    values
        (?, ?, ?, default)
Hibernate: 
    insert 
    into
        question
        (content, create_date, subject, id) 
    values
        (?, ?, ?, default)
Hibernate: 
    insert 
    into
        question
        (content, create_date, subject, id) 
    values
        (?, ?, ?, default)
Hibernate: 
    insert 
    into
        question
        (content, create_date, subject, id) 
    values
        (?, ?, ?, default)
Hibernate: 
    insert 
    into
        question
        (content, create_date, subject, id) 
    values
        (?, ?, ?, default)
Hibernate: 
    insert 
    into
        question
        (content, create_date, subject, id) 
    values
        (?, ?, ?, default)
Hibernate: 
    insert 
    into
        question
        (content, create_date, subject, id) 
    values
        (?, ?, ?, default)
Hibernate: 
    insert 
    into
        question
        (content, create_date, subject, id) 
    values
        (?, ?, ?, default)
Hibernate: 
    insert 
    into
        question
        (content, create_date, subject, id) 
    values
        (?, ?, ?, default)
Hibernate: 
    insert 
    into
        question
        (content, create_date, subject, id) 
    values
        (?, ?, ?, default)
Hibernate: 
    insert 
    into
        question
        (content, create_date, subject, id) 
    values
        (?, ?, ?, default)
Hibernate: 
    insert 
    into
        question
        (content, create_date, subject, id) 
    values
        (?, ?, ?, default)
Hibernate: 
    insert 
    into
        question
        (content, create_date, subject, id) 
    values
        (?, ?, ?, default)
Hibernate: 
    insert 
    into
        question
        (content, create_date, subject, id) 
    values
        (?, ?, ?, default)
Hibernate: 
    insert 
    into
        question
        (content, create_date, subject, id) 
    values
        (?, ?, ?, default)
Hibernate: 
    insert 
    into
        question
        (content, create_date, subject, id) 
    values
        (?, ?, ?, default)
Hibernate: 
    insert 
    into
        question
        (content, create_date, subject, id) 
    values
        (?, ?, ?, default)
Hibernate: 
    insert 
    into
        question
        (content, create_date, subject, id) 
    values
        (?, ?, ?, default)
Hibernate: 
    insert 
    into
        question
        (content, create_date, subject, id) 
    values
        (?, ?, ?, default)
Hibernate: 
    insert 
    into
        question
        (content, create_date, subject, id) 
    values
        (?, ?, ?, default)
Hibernate: 
    insert 
    into
        question
        (content, create_date, subject, id) 
    values
        (?, ?, ?, default)
Hibernate: 
    insert 
    into
        question
        (content, create_date, subject, id) 
    values
        (?, ?, ?, default)
Hibernate: 
    insert 
    into
        question
        (content, create_date, subject, id) 
    values
        (?, ?, ?, default)
Hibernate: 
    insert 
    into
        question
        (content, create_date, subject, id) 
    values
        (?, ?, ?, default)
Hibernate: 
    insert 
    into
        question
        (content, create_date, subject, id) 
    values
        (?, ?, ?, default)
Hibernate: 
    insert 
    into
        question
        (content, create_date, subject, id) 
    values
        (?, ?, ?, default)
Hibernate: 
    insert 
    into
        question
        (content, create_date, subject, id) 
    values
        (?, ?, ?, default)
Hibernate: 
    insert 
    into
        question
        (content, create_date, subject, id) 
    values
        (?, ?, ?, default)
Hibernate: 
    insert 
    into
        question
        (content, create_date, subject, id) 
    values
        (?, ?, ?, default)
Hibernate: 
    insert 
    into
        question
        (content, create_date, subject, id) 
    values
        (?, ?, ?, default)
Hibernate: 
    insert 
    into
        question
        (content, create_date, subject, id) 
    values
        (?, ?, ?, default)
Hibernate: 
    insert 
    into
        question
        (content, create_date, subject, id) 
    values
        (?, ?, ?, default)
Hibernate: 
    insert 
    into
        question
        (content, create_date, subject, id) 
    values
        (?, ?, ?, default)
Hibernate: 
    insert 
    into
        question
        (content, create_date, subject, id) 
    values
        (?, ?, ?, default)
Hibernate: 
    insert 
    into
        question
        (content, create_date, subject, id) 
    values
        (?, ?, ?, default)
Hibernate: 
    insert 
    into
        question
        (content, create_date, subject, id) 
    values
        (?, ?, ?, default)
Hibernate: 
    insert 
    into
        question
        (content, create_date, subject, id) 
    values
        (?, ?, ?, default)
Hibernate: 
    insert 
    into
        question
        (content, create_date, subject, id) 
    values
        (?, ?, ?, default)
Hibernate: 
    insert 
    into
        question
        (content, create_date, subject, id) 
    values
        (?, ?, ?, default)
Hibernate: 
    insert 
    into
        question
        (content, create_date, subject, id) 
    values
        (?, ?, ?, default)
Hibernate: 
    insert 
    into
        question
        (content, create_date, subject, id) 
    values
        (?, ?, ?, default)
Hibernate: 
    insert 
    into
        question
        (content, create_date, subject, id) 
    values
        (?, ?, ?, default)
Hibernate: 
    insert 
    into
        question
        (content, create_date, subject, id) 
    values
        (?, ?, ?, default)
Hibernate: 
    insert 
    into
        question
        (content, create_date, subject, id) 
    values
        (?, ?, ?, default)
Hibernate: 
    insert 
    into
        question
        (content, create_date, subject, id) 
    values
        (?, ?, ?, default)
Hibernate: 
    insert 
    into
        question
        (content, create_date, subject, id) 
    values
        (?, ?, ?, default)
Hibernate: 
    insert 
    into
        question
        (content, create_date, subject, id) 
    values
        (?, ?, ?, default)
Hibernate: 
    insert 
    into
        question
        (content, create_date, subject, id) 
    values
        (?, ?, ?, default)
Hibernate: 
    insert 
    into
        question
        (content, create_date, subject, id) 
    values
        (?, ?, ?, default)
Hibernate: 
    insert 
    into
        question
        (content, create_date, subject, id) 
    values
        (?, ?, ?, default)
Hibernate: 
    insert 
    into
        question
        (content, create_date, subject, id) 
    values
        (?, ?, ?, default)
Hibernate: 
    insert 
    into
        question
        (content, create_date, subject, id) 
    values
        (?, ?, ?, default)
Hibernate: 
    insert 
    into
        question
        (content, create_date, subject, id) 
    values
        (?, ?, ?, default)
Hibernate: 
    insert 
    into
        question
        (content, create_date, subject, id) 
    values
        (?, ?, ?, default)
Hibernate: 
    insert 
    into
        question
        (content, create_date, subject, id) 
    values
        (?, ?, ?, default)
Hibernate: 
    insert 
    into
        question
        (content, create_date, subject, id) 
    values
        (?, ?, ?, default)
Hibernate: 
    insert 
    into
        question
        (content, create_date, subject, id) 
    values
        (?, ?, ?, default)
Hibernate: 
    insert 
    into
        question
        (content, create_date, subject, id) 
    values
        (?, ?, ?, default)
Hibernate: 
    insert 
    into
        question
        (content, create_date, subject, id) 
    values
        (?, ?, ?, default)
Hibernate: 
    insert 
    into
        question
        (content, create_date, subject, id) 
    values
        (?, ?, ?, default)
Hibernate: 
    insert 
    into
        question
        (content, create_date, subject, id) 
    values
        (?, ?, ?, default)
Hibernate: 
    insert 
    into
        question
        (content, create_date, subject, id) 
    values
        (?, ?, ?, default)
Hibernate: 
    insert 
    into
        question
        (content, create_date, subject, id) 
    values
        (?, ?, ?, default)
Hibernate: 
    insert 
    into
        question
        (content, create_date, subject, id) 
    values
        (?, ?, ?, default)
Hibernate: 
    insert 
    into
        question
        (content, create_date, subject, id) 
    values
        (?, ?, ?, default)
Hibernate: 
    insert 
    into
        question
        (content, create_date, subject, id) 
    values
        (?, ?, ?, default)
Hibernate: 
    insert 
    into
        question
        (content, create_date, subject, id) 
    values
        (?, ?, ?, default)
Hibernate: 
    insert 
    into
        question
        (content, create_date, subject, id) 
    values
        (?, ?, ?, default)
Hibernate: 
    insert 
    into
        question
        (content, create_date, subject, id) 
    values
        (?, ?, ?, default)
Hibernate: 
    insert 
    into
        question
        (content, create_date, subject, id) 
    values
        (?, ?, ?, default)
Hibernate: 
    insert 
    into
        question
        (content, create_date, subject, id) 
    values
        (?, ?, ?, default)
Hibernate: 
    insert 
    into
        question
        (content, create_date, subject, id) 
    values
        (?, ?, ?, default)
Hibernate: 
    insert 
    into
        question
        (content, create_date, subject, id) 
    values
        (?, ?, ?, default)
Hibernate: 
    insert 
    into
        question
        (content, create_date, subject, id) 
    values
        (?, ?, ?, default)
Hibernate: 
    insert 
    into
        question
        (content, create_date, subject, id) 
    values
        (?, ?, ?, default)
Hibernate: 
    insert 
    into
        question
        (content, create_date, subject, id) 
    values
        (?, ?, ?, default)
Hibernate: 
    insert 
    into
        question
        (content, create_date, subject, id) 
    values
        (?, ?, ?, default)
Hibernate: 
    insert 
    into
        question
        (content, create_date, subject, id) 
    values
        (?, ?, ?, default)
Hibernate: 
    insert 
    into
        question
        (content, create_date, subject, id) 
    values
        (?, ?, ?, default)
Hibernate: 
    insert 
    into
        question
        (content, create_date, subject, id) 
    values
        (?, ?, ?, default)
Hibernate: 
    insert 
    into
        question
        (content, create_date, subject, id) 
    values
        (?, ?, ?, default)
Hibernate: 
    insert 
    into
        question
        (content, create_date, subject, id) 
    values
        (?, ?, ?, default)
Hibernate: 
    insert 
    into
        question
        (content, create_date, subject, id) 
    values
        (?, ?, ?, default)
Hibernate: 
    insert 
    into
        question
        (content, create_date, subject, id) 
    values
        (?, ?, ?, default)
Hibernate: 
    insert 
    into
        question
        (content, create_date, subject, id) 
    values
        (?, ?, ?, default)
Hibernate: 
    insert 
    into
        question
        (content, create_date, subject, id) 
    values
        (?, ?, ?, default)
Hibernate: 
    insert 
    into
        question
        (content, create_date, subject, id) 
    values
        (?, ?, ?, default)
Hibernate: 
    insert 
    into
        question
        (content, create_date, subject, id) 
    values
        (?, ?, ?, default)
Hibernate: 
    insert 
    into
        question
        (content, create_date, subject, id) 
    values
        (?, ?, ?, default)
Hibernate: 
    insert 
    into
        question
        (content, create_date, subject, id) 
    values
        (?, ?, ?, default)
Hibernate: 
    insert 
    into
        question
        (content, create_date, subject, id) 
    values
        (?, ?, ?, default)
Hibernate: 
    insert 
    into
        question
        (content, create_date, subject, id) 
    values
        (?, ?, ?, default)
Hibernate: 
    insert 
    into
        question
        (content, create_date, subject, id) 
    values
        (?, ?, ?, default)
Hibernate: 
    insert 
    into
        question
        (content, create_date, subject, id) 
    values
        (?, ?, ?, default)
Hibernate: 
    insert 
    into
        question
        (content, create_date, subject, id) 
    values
        (?, ?, ?, default)
Hibernate: 
    insert 
    into
        question
        (content, create_date, subject, id) 
    values
        (?, ?, ?, default)
Hibernate: 
    insert 
    into
        question
        (content, create_date, subject, id) 
    values
        (?, ?, ?, default)
Hibernate: 
    insert 
    into
        question
        (content, create_date, subject, id) 
    values
        (?, ?, ?, default)
Hibernate: 
    insert 
    into
        question
        (content, create_date, subject, id) 
    values
        (?, ?, ?, default)
Hibernate: 
    insert 
    into
        question
        (content, create_date, subject, id) 
    values
        (?, ?, ?, default)
Hibernate: 
    insert 
    into
        question
        (content, create_date, subject, id) 
    values
        (?, ?, ?, default)
Hibernate: 
    insert 
    into
        question
        (content, create_date, subject, id) 
    values
        (?, ?, ?, default)
Hibernate: 
    insert 
    into
        question
        (content, create_date, subject, id) 
    values
        (?, ?, ?, default)
Hibernate: 
    insert 
    into
        question
        (content, create_date, subject, id) 
    values
        (?, ?, ?, default)
Hibernate: 
    insert 
    into
        question
        (content, create_date, subject, id) 
    values
        (?, ?, ?, default)
Hibernate: 
    insert 
    into
        question
        (content, create_date, subject, id) 
    values
        (?, ?, ?, default)
Hibernate: 
    insert 
    into
        question
        (content, create_date, subject, id) 
    values
        (?, ?, ?, default)
Hibernate: 
    insert 
    into
        question
        (content, create_date, subject, id) 
    values
        (?, ?, ?, default)
Hibernate: 
    insert 
    into
        question
        (content, create_date, subject, id) 
    values
        (?, ?, ?, default)
Hibernate: 
    insert 
    into
        question
        (content, create_date, subject, id) 
    values
        (?, ?, ?, default)
Hibernate: 
    insert 
    into
        question
        (content, create_date, subject, id) 
    values
        (?, ?, ?, default)
Hibernate: 
    insert 
    into
        question
        (content, create_date, subject, id) 
    values
        (?, ?, ?, default)
Hibernate: 
    insert 
    into
        question
        (content, create_date, subject, id) 
    values
        (?, ?, ?, default)
Hibernate: 
    insert 
    into
        question
        (content, create_date, subject, id) 
    values
        (?, ?, ?, default)
Hibernate: 
    insert 
    into
        question
        (content, create_date, subject, id) 
    values
        (?, ?, ?, default)
Hibernate: 
    insert 
    into
        question
        (content, create_date, subject, id) 
    values
        (?, ?, ?, default)
Hibernate: 
    insert 
    into
        question
        (content, create_date, subject, id) 
    values
        (?, ?, ?, default)
Hibernate: 
    insert 
    into
        question
        (content, create_date, subject, id) 
    values
        (?, ?, ?, default)
Hibernate: 
    insert 
    into
        question
        (content, create_date, subject, id) 
    values
        (?, ?, ?, default)
Hibernate: 
    insert 
    into
        question
        (content, create_date, subject, id) 
    values
        (?, ?, ?, default)
Hibernate: 
    insert 
    into
        question
        (content, create_date, subject, id) 
    values
        (?, ?, ?, default)
Hibernate: 
    insert 
    into
        question
        (content, create_date, subject, id) 
    values
        (?, ?, ?, default)
Hibernate: 
    insert 
    into
        question
        (content, create_date, subject, id) 
    values
        (?, ?, ?, default)
Hibernate: 
    insert 
    into
        question
        (content, create_date, subject, id) 
    values
        (?, ?, ?, default)
Hibernate: 
    insert 
    into
        question
        (content, create_date, subject, id) 
    values
        (?, ?, ?, default)
Hibernate: 
    insert 
    into
        question
        (content, create_date, subject, id) 
    values
        (?, ?, ?, default)
Hibernate: 
    insert 
    into
        question
        (content, create_date, subject, id) 
    values
        (?, ?, ?, default)
Hibernate: 
    insert 
    into
        question
        (content, create_date, subject, id) 
    values
        (?, ?, ?, default)
Hibernate: 
    insert 
    into
        question
        (content, create_date, subject, id) 
    values
        (?, ?, ?, default)
Hibernate: 
    insert 
    into
        question
        (content, create_date, subject, id) 
    values
        (?, ?, ?, default)
Hibernate: 
    insert 
    into
        question
        (content, create_date, subject, id) 
    values
        (?, ?, ?, default)
Hibernate: 
    insert 
    into
        question
        (content, create_date, subject, id) 
    values
        (?, ?, ?, default)
Hibernate: 
    insert 
    into
        question
        (content, create_date, subject, id) 
    values
        (?, ?, ?, default)
Hibernate: 
    insert 
    into
        question
        (content, create_date, subject, id) 
    values
        (?, ?, ?, default)
Hibernate: 
    insert 
    into
        question
        (content, create_date, subject, id) 
    values
        (?, ?, ?, default)
Hibernate: 
    insert 
    into
        question
        (content, create_date, subject, id) 
    values
        (?, ?, ?, default)
Hibernate: 
    insert 
    into
        question
        (content, create_date, subject, id) 
    values
        (?, ?, ?, default)
Hibernate: 
    insert 
    into
        question
        (content, create_date, subject, id) 
    values
        (?, ?, ?, default)
Hibernate: 
    insert 
    into
        question
        (content, create_date, subject, id) 
    values
        (?, ?, ?, default)
Hibernate: 
    insert 
    into
        question
        (content, create_date, subject, id) 
    values
        (?, ?, ?, default)
Hibernate: 
    insert 
    into
        question
        (content, create_date, subject, id) 
    values
        (?, ?, ?, default)
Hibernate: 
    insert 
    into
        question
        (content, create_date, subject, id) 
    values
        (?, ?, ?, default)
Hibernate: 
    insert 
    into
        question
        (content, create_date, subject, id) 
    values
        (?, ?, ?, default)
Hibernate: 
    insert 
    into
        question
        (content, create_date, subject, id) 
    values
        (?, ?, ?, default)
Hibernate: 
    insert 
    into
        question
        (content, create_date, subject, id) 
    values
        (?, ?, ?, default)
Hibernate: 
    insert 
    into
        question
        (content, create_date, subject, id) 
    values
        (?, ?, ?, default)
Hibernate: 
    insert 
    into
        question
        (content, create_date, subject, id) 
    values
        (?, ?, ?, default)
Hibernate: 
    insert 
    into
        question
        (content, create_date, subject, id) 
    values
        (?, ?, ?, default)
Hibernate: 
    insert 
    into
        question
        (content, create_date, subject, id) 
    values
        (?, ?, ?, default)
Hibernate: 
    insert 
    into
        question
        (content, create_date, subject, id) 
    values
        (?, ?, ?, default)
Hibernate: 
    insert 
    into
        question
        (content, create_date, subject, id) 
    values
        (?, ?, ?, default)
Hibernate: 
    insert 
    into
        question
        (content, create_date, subject, id) 
    values
        (?, ?, ?, default)
Hibernate: 
    insert 
    into
        question
        (content, create_date, subject, id) 
    values
        (?, ?, ?, default)
Hibernate: 
    insert 
    into
        question
        (content, create_date, subject, id) 
    values
        (?, ?, ?, default)
Hibernate: 
    insert 
    into
        question
        (content, create_date, subject, id) 
    values
        (?, ?, ?, default)
Hibernate: 
    insert 
    into
        question
        (content, create_date, subject, id) 
    values
        (?, ?, ?, default)
Hibernate: 
    insert 
    into
        question
        (content, create_date, subject, id) 
    values
        (?, ?, ?, default)
Hibernate: 
    insert 
    into
        question
        (content, create_date, subject, id) 
    values
        (?, ?, ?, default)
Hibernate: 
    insert 
    into
        question
        (content, create_date, subject, id) 
    values
        (?, ?, ?, default)
Hibernate: 
    insert 
    into
        question
        (content, create_date, subject, id) 
    values
        (?, ?, ?, default)
Hibernate: 
    insert 
    into
        question
        (content, create_date, subject, id) 
    values
        (?, ?, ?, default)
Hibernate: 
    insert 
    into
        question
        (content, create_date, subject, id) 
    values
        (?, ?, ?, default)
Hibernate: 
    insert 
    into
        question
        (content, create_date, subject, id) 
    values
        (?, ?, ?, default)
Hibernate: 
    insert 
    into
        question
        (content, create_date, subject, id) 
    values
        (?, ?, ?, default)
Hibernate: 
    insert 
    into
        question
        (content, create_date, subject, id) 
    values
        (?, ?, ?, default)
Hibernate: 
    insert 
    into
        question
        (content, create_date, subject, id) 
    values
        (?, ?, ?, default)
Hibernate: 
    insert 
    into
        question
        (content, create_date, subject, id) 
    values
        (?, ?, ?, default)
Hibernate: 
    insert 
    into
        question
        (content, create_date, subject, id) 
    values
        (?, ?, ?, default)
Hibernate: 
    insert 
    into
        question
        (content, create_date, subject, id) 
    values
        (?, ?, ?, default)
Hibernate: 
    insert 
    into
        question
        (content, create_date, subject, id) 
    values
        (?, ?, ?, default)
Hibernate: 
    insert 
    into
        question
        (content, create_date, subject, id) 
    values
        (?, ?, ?, default)
Hibernate: 
    insert 
    into
        question
        (content, create_date, subject, id) 
    values
        (?, ?, ?, default)
Hibernate: 
    insert 
    into
        question
        (content, create_date, subject, id) 
    values
        (?, ?, ?, default)
Hibernate: 
    insert 
    into
        question
        (content, create_date, subject, id) 
    values
        (?, ?, ?, default)
Hibernate: 
    insert 
    into
        question
        (content, create_date, subject, id) 
    values
        (?, ?, ?, default)
Hibernate: 
    insert 
    into
        question
        (content, create_date, subject, id) 
    values
        (?, ?, ?, default)
Hibernate: 
    insert 
    into
        question
        (content, create_date, subject, id) 
    values
        (?, ?, ?, default)
Hibernate: 
    insert 
    into
        question
        (content, create_date, subject, id) 
    values
        (?, ?, ?, default)
Hibernate: 
    insert 
    into
        question
        (content, create_date, subject, id) 
    values
        (?, ?, ?, default)
]]></system-out>
  <system-err><![CDATA[Mockito is currently self-attaching to enable the inline-mock-maker. This will no longer work in future releases of the JDK. Please add Mockito as an agent to your build as described in Mockito's documentation: https://javadoc.io/doc/org.mockito/mockito-core/latest/org.mockito/org/mockito/Mockito.html#0.3
WARNING: A Java agent has been loaded dynamically (/Users/apple/.gradle/caches/modules-2/files-2.1/net.bytebuddy/byte-buddy-agent/1.17.8/f09415827a71be7ed621c7bd02550678f28bc81c/byte-buddy-agent-1.17.8.jar)
WARNING: If a serviceability tool is in use, please run with -XX:+EnableDynamicAgentLoading to hide this warning
WARNING: If a serviceability tool is not in use, please run with -Djdk.instrument.traceUsage for more information
WARNING: Dynamic loading of agents will be disallowed by default in a future release
]]></system-err>
</testsuite>
